2021-03-20 11:23:08 DEBUG    로그인 시도
2021-03-20 11:23:08 DEBUG    초기 요청 준비
2021-03-20 11:23:08 DEBUG    요청 실행: kiwoom_CommConnect () {}
2021-03-20 11:23:16 DEBUG    요청 콜백: kiwoom_OnEventConnect (0,) {}
2021-03-20 11:23:16 DEBUG    로그인 성공
2021-03-20 11:23:16 DEBUG    로그인 결과: {'result': 0}
2021-03-20 11:23:16 DEBUG    초기 요청 준비
2021-03-20 11:23:16 DEBUG    요청 실행: kiwoom_TR_OPT10001_주식기본정보요청 ('005930',) {}
2021-03-20 11:23:17 DEBUG    요청 콜백: kiwoom_OnReceiveTrData ('1234', '주식기본정보', 'OPT10001', '', '0', 0, '', '', '') {}
2021-03-20 11:23:17 DEBUG    주식기본정보: 005930, {'종목명': '삼성전자', '현재가': '-81900', '등락율': '-1.21', '거래량': '15869700'}
2021-03-20 11:23:39 DEBUG    로그인 시도
2021-03-20 11:23:39 DEBUG    초기 요청 준비
2021-03-20 11:23:39 DEBUG    요청 실행: kiwoom_CommConnect () {}
2021-03-20 11:23:45 DEBUG    요청 콜백: kiwoom_OnEventConnect (0,) {}
2021-03-20 11:23:45 DEBUG    로그인 성공
2021-03-20 11:23:45 DEBUG    로그인 결과: {'result': 0}
2021-03-20 11:23:45 DEBUG    초기 요청 준비
2021-03-20 11:23:45 DEBUG    요청 실행: kiwoom_TR_OPT10001_주식기본정보요청 ('005930',) {}
2021-03-20 11:23:45 DEBUG    요청 콜백: kiwoom_OnReceiveTrData ('1234', '주식기본정보', 'OPT10003', '', '2', 0, '', '', '') {}
2021-03-20 11:23:45 DEBUG    주식기본정보: , {'종목명': '', '현재가': '-81900', '등락율': '', '거래량': ''}
2021-03-20 11:25:03 DEBUG    로그인 시도
2021-03-20 11:25:03 DEBUG    초기 요청 준비
2021-03-20 11:25:03 DEBUG    요청 실행: kiwoom_CommConnect () {}
2021-03-20 11:25:09 DEBUG    요청 콜백: kiwoom_OnEventConnect (0,) {}
2021-03-20 11:25:09 DEBUG    로그인 성공
2021-03-20 11:25:09 DEBUG    로그인 결과: {'result': 0}
2021-03-20 11:25:09 DEBUG    초기 요청 준비
2021-03-20 11:25:09 DEBUG    요청 실행: kiwoom_TR_OPT10003 ('005930',) {}
2021-03-20 11:25:09 DEBUG    요청 콜백: kiwoom_OnReceiveTrData ('1234', '체결내역', 'OPT10003', '', '2', 0, '', '', '') {}
2021-03-20 11:25:09 DEBUG    Unknown sRQName: 체결내역
2021-03-20 11:27:21 DEBUG    로그인 시도
2021-03-20 11:27:21 DEBUG    초기 요청 준비
2021-03-20 11:27:21 DEBUG    요청 실행: kiwoom_CommConnect () {}
2021-03-20 11:27:28 DEBUG    요청 콜백: kiwoom_OnEventConnect (0,) {}
2021-03-20 11:27:28 DEBUG    로그인 성공
2021-03-20 11:27:28 DEBUG    로그인 결과: {'result': 0}
2021-03-20 11:27:28 DEBUG    초기 요청 준비
2021-03-20 11:27:28 DEBUG    요청 실행: kiwoom_TR_OPT10003 ('005930',) {}
2021-03-20 11:27:28 DEBUG    요청 콜백: kiwoom_OnReceiveTrData ('1234', '체결내역', 'OPT10003', '', '2', 0, '', '', '') {}
2021-03-20 11:27:28 DEBUG    Unknown sRQName: 체결내역
2021-03-20 11:27:52 DEBUG    로그인 시도
2021-03-20 11:27:52 DEBUG    초기 요청 준비
2021-03-20 11:27:52 DEBUG    요청 실행: kiwoom_CommConnect () {}
2021-03-20 11:27:59 DEBUG    요청 콜백: kiwoom_OnEventConnect (0,) {}
2021-03-20 11:27:59 DEBUG    로그인 성공
2021-03-20 11:27:59 DEBUG    로그인 결과: {'result': 0}
2021-03-20 11:27:59 DEBUG    초기 요청 준비
2021-03-20 11:27:59 DEBUG    요청 실행: kiwoom_TR_OPT10003 ('005930',) {}
2021-03-20 11:27:59 DEBUG    요청 콜백: kiwoom_OnReceiveTrData ('1234', '체결정보', 'OPT10003', '', '2', 0, '', '', '') {}
2021-03-20 11:27:59 DEBUG    체결정보: , {'종목명': '', '현재가': '-81900', '전일대비': '-1000', '시간': '155951'}
2021-03-20 11:28:55 DEBUG    로그인 시도
2021-03-20 11:28:55 DEBUG    초기 요청 준비
2021-03-20 11:28:55 DEBUG    요청 실행: kiwoom_CommConnect () {}
2021-03-20 11:29:01 DEBUG    요청 콜백: kiwoom_OnEventConnect (0,) {}
2021-03-20 11:29:01 DEBUG    로그인 성공
2021-03-20 11:29:01 DEBUG    로그인 결과: {'result': 0}
2021-03-20 11:29:01 DEBUG    초기 요청 준비
2021-03-20 11:29:01 DEBUG    요청 실행: kiwoom_TR_OPT10003 ('005930',) {}
2021-03-20 11:29:01 DEBUG    요청 콜백: kiwoom_OnReceiveTrData ('1234', '체결정보', 'OPT10003', '', '2', 0, '', '', '') {}
2021-03-20 11:29:01 DEBUG    체결정보: , {'현재가': '-81900', '체결거래량': '-20', '전일대비': '-1000', '시간': '155951'}
2021-03-20 11:29:28 DEBUG    로그인 시도
2021-03-20 11:29:28 DEBUG    초기 요청 준비
2021-03-20 11:29:28 DEBUG    요청 실행: kiwoom_CommConnect () {}
2021-03-20 11:29:35 DEBUG    요청 콜백: kiwoom_OnEventConnect (0,) {}
2021-03-20 11:29:35 DEBUG    로그인 성공
2021-03-20 11:29:35 DEBUG    로그인 결과: {'result': 0}
2021-03-20 11:29:35 DEBUG    초기 요청 준비
2021-03-20 11:29:35 DEBUG    요청 실행: kiwoom_TR_OPT10003 ('005930',) {}
2021-03-20 11:29:35 DEBUG    요청 콜백: kiwoom_OnReceiveTrData ('1234', '체결정보', 'OPT10003', '', '2', 0, '', '', '') {}
2021-03-20 11:29:35 DEBUG    체결정보: , {'현재가': '-81900', '체결거래량': '-20', '전일대비': '-1000', '시간': '155951'}
2021-03-20 11:29:36 DEBUG    초기 요청 준비
2021-03-20 11:29:36 DEBUG    요청 실행: kiwoom_TR_OPT10003 ('005930',) {}
2021-03-20 11:29:36 DEBUG    요청 콜백: kiwoom_OnReceiveTrData ('1234', '체결정보', 'OPT10003', '', '2', 0, '', '', '') {}
2021-03-20 11:29:36 DEBUG    체결정보: , {'현재가': '-81900', '체결거래량': '-20', '전일대비': '-1000', '시간': '155951'}
2021-03-20 11:29:37 DEBUG    초기 요청 준비
2021-03-20 11:29:37 DEBUG    요청 실행: kiwoom_TR_OPT10003 ('005930',) {}
2021-03-20 11:29:37 DEBUG    요청 콜백: kiwoom_OnReceiveTrData ('1234', '체결정보', 'OPT10003', '', '2', 0, '', '', '') {}
2021-03-20 11:29:37 DEBUG    체결정보: , {'현재가': '-81900', '체결거래량': '-20', '전일대비': '-1000', '시간': '155951'}
2021-03-20 11:29:38 DEBUG    초기 요청 준비
2021-03-20 11:29:38 DEBUG    요청 실행: kiwoom_TR_OPT10003 ('005930',) {}
2021-03-20 11:29:38 DEBUG    요청 콜백: kiwoom_OnReceiveTrData ('1234', '체결정보', 'OPT10003', '', '2', 0, '', '', '') {}
2021-03-20 11:29:38 DEBUG    체결정보: , {'현재가': '-81900', '체결거래량': '-20', '전일대비': '-1000', '시간': '155951'}
2021-03-20 11:29:39 DEBUG    초기 요청 준비
2021-03-20 11:29:39 DEBUG    요청 실행: kiwoom_TR_OPT10003 ('005930',) {}
2021-03-20 11:29:39 DEBUG    요청 콜백: kiwoom_OnReceiveTrData ('1234', '체결정보', 'OPT10003', '', '2', 0, '', '', '') {}
2021-03-20 11:29:39 DEBUG    체결정보: , {'현재가': '-81900', '체결거래량': '-20', '전일대비': '-1000', '시간': '155951'}
2021-03-20 11:33:10 DEBUG    로그인 시도
2021-03-20 11:33:10 DEBUG    초기 요청 준비
2021-03-20 11:33:10 DEBUG    요청 실행: kiwoom_CommConnect () {}
2021-03-20 11:33:16 DEBUG    요청 콜백: kiwoom_OnEventConnect (0,) {}
2021-03-20 11:33:16 DEBUG    로그인 성공
2021-03-20 11:33:16 DEBUG    로그인 결과: {'result': 0}
2021-03-20 11:33:16 DEBUG    초기 요청 준비
2021-03-20 11:33:16 DEBUG    요청 실행: kiwoom_TR_OPT10003 ('005930',) {}
2021-03-20 11:33:16 DEBUG    요청 콜백: kiwoom_OnReceiveTrData ('1234', '체결정보', 'OPT10003', '', '2', 0, '', '', '') {}
2021-03-20 11:33:16 DEBUG    체결정보: , {'현재가': '-81900', '우선매도호가단위': '-82000', '우선매수호가단위': '-81900'}
2021-03-20 11:33:17 DEBUG    초기 요청 준비
2021-03-20 11:33:17 DEBUG    요청 실행: kiwoom_TR_OPT10003 ('005930',) {}
2021-03-20 11:33:17 DEBUG    요청 콜백: kiwoom_OnReceiveTrData ('1234', '체결정보', 'OPT10003', '', '2', 0, '', '', '') {}
2021-03-20 11:33:17 DEBUG    체결정보: , {'현재가': '-81900', '우선매도호가단위': '-82000', '우선매수호가단위': '-81900'}
2021-03-20 11:33:18 DEBUG    초기 요청 준비
2021-03-20 11:33:18 DEBUG    요청 실행: kiwoom_TR_OPT10003 ('005930',) {}
2021-03-20 11:33:18 DEBUG    요청 콜백: kiwoom_OnReceiveTrData ('1234', '체결정보', 'OPT10003', '', '2', 0, '', '', '') {}
2021-03-20 11:33:18 DEBUG    체결정보: , {'현재가': '-81900', '우선매도호가단위': '-82000', '우선매수호가단위': '-81900'}
2021-03-20 11:33:19 DEBUG    초기 요청 준비
2021-03-20 11:33:19 DEBUG    요청 실행: kiwoom_TR_OPT10003 ('005930',) {}
2021-03-20 11:33:19 DEBUG    요청 콜백: kiwoom_OnReceiveTrData ('1234', '체결정보', 'OPT10003', '', '2', 0, '', '', '') {}
2021-03-20 11:33:19 DEBUG    체결정보: , {'현재가': '-81900', '우선매도호가단위': '-82000', '우선매수호가단위': '-81900'}
2021-03-20 11:33:20 DEBUG    초기 요청 준비
2021-03-20 11:33:20 DEBUG    요청 실행: kiwoom_TR_OPT10003 ('005930',) {}
2021-03-20 11:33:20 DEBUG    요청 콜백: kiwoom_OnReceiveTrData ('1234', '체결정보', 'OPT10003', '', '2', 0, '', '', '') {}
2021-03-20 11:33:20 DEBUG    체결정보: , {'현재가': '-81900', '우선매도호가단위': '-82000', '우선매수호가단위': '-81900'}
2021-03-20 11:35:23 DEBUG    로그인 시도
2021-03-20 11:35:23 DEBUG    초기 요청 준비
2021-03-20 11:35:23 DEBUG    요청 실행: kiwoom_CommConnect () {}
2021-03-20 11:35:29 DEBUG    요청 콜백: kiwoom_OnEventConnect (0,) {}
2021-03-20 11:35:29 DEBUG    로그인 성공
2021-03-20 11:35:29 DEBUG    로그인 결과: {'result': 0}
2021-03-20 11:35:29 DEBUG    초기 요청 준비
2021-03-20 11:35:29 DEBUG    요청 실행: kiwoom_TR_OPT10003 ('005930',) {}
2021-03-20 11:35:29 DEBUG    요청 콜백: kiwoom_OnReceiveTrData ('1234', '체결정보', 'OPT10003', '', '2', 0, '', '', '') {}
2021-03-20 11:35:29 DEBUG    체결정보: , {'현재가': '-81900', '우선매도호가단위': '-82000', '우선매수호가단위': '-81900', '시간': '155951'}
2021-03-20 11:35:30 DEBUG    초기 요청 준비
2021-03-20 11:35:30 DEBUG    요청 실행: kiwoom_TR_OPT10003 ('005930',) {}
2021-03-20 11:35:30 DEBUG    요청 콜백: kiwoom_OnReceiveTrData ('1234', '체결정보', 'OPT10003', '', '2', 0, '', '', '') {}
2021-03-20 11:35:30 DEBUG    체결정보: , {'현재가': '-81900', '우선매도호가단위': '-82000', '우선매수호가단위': '-81900', '시간': '155951'}
2021-03-20 11:35:31 DEBUG    초기 요청 준비
2021-03-20 11:35:31 DEBUG    요청 실행: kiwoom_TR_OPT10003 ('005930',) {}
2021-03-20 11:35:31 DEBUG    요청 콜백: kiwoom_OnReceiveTrData ('1234', '체결정보', 'OPT10003', '', '2', 0, '', '', '') {}
2021-03-20 11:35:31 DEBUG    체결정보: , {'현재가': '-81900', '우선매도호가단위': '-82000', '우선매수호가단위': '-81900', '시간': '155951'}
2021-03-20 11:35:32 DEBUG    초기 요청 준비
2021-03-20 11:35:32 DEBUG    요청 실행: kiwoom_TR_OPT10003 ('005930',) {}
2021-03-20 11:35:32 DEBUG    요청 콜백: kiwoom_OnReceiveTrData ('1234', '체결정보', 'OPT10003', '', '2', 0, '', '', '') {}
2021-03-20 11:35:32 DEBUG    체결정보: , {'현재가': '-81900', '우선매도호가단위': '-82000', '우선매수호가단위': '-81900', '시간': '155951'}
2021-03-20 11:35:33 DEBUG    초기 요청 준비
2021-03-20 11:35:33 DEBUG    요청 실행: kiwoom_TR_OPT10003 ('005930',) {}
2021-03-20 11:35:33 DEBUG    요청 콜백: kiwoom_OnReceiveTrData ('1234', '체결정보', 'OPT10003', '', '2', 0, '', '', '') {}
2021-03-20 11:35:33 DEBUG    체결정보: , {'현재가': '-81900', '우선매도호가단위': '-82000', '우선매수호가단위': '-81900', '시간': '155951'}
2021-03-20 11:38:11 DEBUG    로그인 시도
2021-03-20 11:38:11 DEBUG    초기 요청 준비
2021-03-20 11:38:11 DEBUG    요청 실행: kiwoom_CommConnect () {}
2021-03-20 11:38:18 DEBUG    요청 콜백: kiwoom_OnEventConnect (0,) {}
2021-03-20 11:38:18 DEBUG    로그인 성공
2021-03-20 11:38:18 DEBUG    로그인 결과: {'result': 0}
2021-03-20 11:38:18 DEBUG    초기 요청 준비
2021-03-20 11:38:18 DEBUG    요청 실행: kiwoom_TR_OPT10003 ('005930',) {}
2021-03-20 11:38:18 DEBUG    요청 콜백: kiwoom_OnReceiveTrData ('1234', '체결정보', 'OPT10003', '', '2', 0, '', '', '') {}
2021-03-20 11:38:18 DEBUG    체결정보: , {'시간': '155951', '현재가': '-81900', '우선매도호가단위': '-82000', '우선매수호가단위': '-81900'}
2021-03-20 11:38:19 DEBUG    초기 요청 준비
2021-03-20 11:38:19 DEBUG    요청 실행: kiwoom_TR_OPT10003 ('005930',) {}
2021-03-20 11:38:19 DEBUG    요청 콜백: kiwoom_OnReceiveTrData ('1234', '체결정보', 'OPT10003', '', '2', 0, '', '', '') {}
2021-03-20 11:38:19 DEBUG    체결정보: , {'시간': '155951', '현재가': '-81900', '우선매도호가단위': '-82000', '우선매수호가단위': '-81900'}
2021-03-20 11:38:20 DEBUG    초기 요청 준비
2021-03-20 11:38:20 DEBUG    요청 실행: kiwoom_TR_OPT10003 ('005930',) {}
2021-03-20 11:38:20 DEBUG    요청 콜백: kiwoom_OnReceiveTrData ('1234', '체결정보', 'OPT10003', '', '2', 0, '', '', '') {}
2021-03-20 11:38:20 DEBUG    체결정보: , {'시간': '155951', '현재가': '-81900', '우선매도호가단위': '-82000', '우선매수호가단위': '-81900'}
2021-03-20 11:38:21 DEBUG    초기 요청 준비
2021-03-20 11:38:21 DEBUG    요청 실행: kiwoom_TR_OPT10003 ('005930',) {}
2021-03-20 11:38:21 DEBUG    요청 콜백: kiwoom_OnReceiveTrData ('1234', '체결정보', 'OPT10003', '', '2', 0, '', '', '') {}
2021-03-20 11:38:21 DEBUG    체결정보: , {'시간': '155951', '현재가': '-81900', '우선매도호가단위': '-82000', '우선매수호가단위': '-81900'}
2021-03-20 11:38:22 DEBUG    초기 요청 준비
2021-03-20 11:38:22 DEBUG    요청 실행: kiwoom_TR_OPT10003 ('005930',) {}
2021-03-20 11:38:22 DEBUG    요청 콜백: kiwoom_OnReceiveTrData ('1234', '체결정보', 'OPT10003', '', '2', 0, '', '', '') {}
2021-03-20 11:38:22 DEBUG    체결정보: , {'시간': '155951', '현재가': '-81900', '우선매도호가단위': '-82000', '우선매수호가단위': '-81900'}
2021-03-20 11:39:02 DEBUG    로그인 시도
2021-03-20 11:39:02 DEBUG    초기 요청 준비
2021-03-20 11:39:02 DEBUG    요청 실행: kiwoom_CommConnect () {}
2021-03-20 11:39:08 DEBUG    요청 콜백: kiwoom_OnEventConnect (0,) {}
2021-03-20 11:39:08 DEBUG    로그인 성공
2021-03-20 11:39:08 DEBUG    로그인 결과: {'result': 0}
2021-03-20 11:39:08 DEBUG    초기 요청 준비
2021-03-20 11:39:08 DEBUG    요청 실행: kiwoom_TR_OPT10003 ('005930',) {}
2021-03-20 11:39:08 DEBUG    요청 콜백: kiwoom_OnReceiveTrData ('1234', '체결정보', 'OPT10003', '', '2', 0, '', '', '') {}
2021-03-20 11:39:08 DEBUG    체결정보: , {'종목코드': '005930', '시간': '155951', '현재가': '-81900', '우선매도호가단위': '-82000', '우선매수호가단위': '-81900'}
2021-03-20 11:39:09 DEBUG    초기 요청 준비
2021-03-20 11:39:09 DEBUG    요청 실행: kiwoom_TR_OPT10003 ('005930',) {}
2021-03-20 11:39:09 DEBUG    요청 콜백: kiwoom_OnReceiveTrData ('1234', '체결정보', 'OPT10003', '', '2', 0, '', '', '') {}
2021-03-20 11:39:09 DEBUG    체결정보: , {'종목코드': '005930', '시간': '155951', '현재가': '-81900', '우선매도호가단위': '-82000', '우선매수호가단위': '-81900'}
2021-03-20 11:39:10 DEBUG    초기 요청 준비
2021-03-20 11:39:10 DEBUG    요청 실행: kiwoom_TR_OPT10003 ('005930',) {}
2021-03-20 11:39:10 DEBUG    요청 콜백: kiwoom_OnReceiveTrData ('1234', '체결정보', 'OPT10003', '', '2', 0, '', '', '') {}
2021-03-20 11:39:10 DEBUG    체결정보: , {'종목코드': '005930', '시간': '155951', '현재가': '-81900', '우선매도호가단위': '-82000', '우선매수호가단위': '-81900'}
2021-03-20 11:39:11 DEBUG    초기 요청 준비
2021-03-20 11:39:11 DEBUG    요청 실행: kiwoom_TR_OPT10003 ('005930',) {}
2021-03-20 11:39:11 DEBUG    요청 콜백: kiwoom_OnReceiveTrData ('1234', '체결정보', 'OPT10003', '', '2', 0, '', '', '') {}
2021-03-20 11:39:11 DEBUG    체결정보: , {'종목코드': '005930', '시간': '155951', '현재가': '-81900', '우선매도호가단위': '-82000', '우선매수호가단위': '-81900'}
2021-03-20 11:39:12 DEBUG    초기 요청 준비
2021-03-20 11:39:12 DEBUG    요청 실행: kiwoom_TR_OPT10003 ('005930',) {}
2021-03-20 11:39:12 DEBUG    요청 콜백: kiwoom_OnReceiveTrData ('1234', '체결정보', 'OPT10003', '', '2', 0, '', '', '') {}
2021-03-20 11:39:12 DEBUG    체결정보: , {'종목코드': '005930', '시간': '155951', '현재가': '-81900', '우선매도호가단위': '-82000', '우선매수호가단위': '-81900'}
2021-03-20 11:45:11 DEBUG    로그인 시도
2021-03-20 11:45:11 DEBUG    초기 요청 준비
2021-03-20 11:45:11 DEBUG    요청 실행: kiwoom_CommConnect () {}
2021-03-20 11:45:18 DEBUG    요청 콜백: kiwoom_OnEventConnect (0,) {}
2021-03-20 11:45:18 DEBUG    로그인 성공
2021-03-20 11:45:18 DEBUG    로그인 결과: {'result': 0}
2021-03-20 11:45:18 DEBUG    초기 요청 준비
2021-03-20 11:45:18 DEBUG    요청 실행: kiwoom_TR_OPT10003 ('005930',) {}
2021-03-20 11:45:18 DEBUG    요청 콜백: kiwoom_OnReceiveTrData ('1234', '체결정보', 'OPT10003', '', '2', 0, '', '', '') {}
2021-03-20 11:45:18 DEBUG    체결정보: , {'종목코드': '005930', '일자': '2021320', '시간': '155951', '현재가': '-81900', '우선매도호가단위': '-82000', '우선매수호가단위': '-81900'}
2021-03-20 11:45:19 DEBUG    초기 요청 준비
2021-03-20 11:45:19 DEBUG    요청 실행: kiwoom_TR_OPT10003 ('005930',) {}
2021-03-20 11:45:19 DEBUG    요청 콜백: kiwoom_OnReceiveTrData ('1234', '체결정보', 'OPT10003', '', '2', 0, '', '', '') {}
2021-03-20 11:45:19 DEBUG    체결정보: , {'종목코드': '005930', '일자': '2021320', '시간': '155951', '현재가': '-81900', '우선매도호가단위': '-82000', '우선매수호가단위': '-81900'}
2021-03-20 11:45:20 DEBUG    초기 요청 준비
2021-03-20 11:45:20 DEBUG    요청 실행: kiwoom_TR_OPT10003 ('005930',) {}
2021-03-20 11:45:20 DEBUG    요청 콜백: kiwoom_OnReceiveTrData ('1234', '체결정보', 'OPT10003', '', '2', 0, '', '', '') {}
2021-03-20 11:45:20 DEBUG    체결정보: , {'종목코드': '005930', '일자': '2021320', '시간': '155951', '현재가': '-81900', '우선매도호가단위': '-82000', '우선매수호가단위': '-81900'}
2021-03-20 11:45:21 DEBUG    초기 요청 준비
2021-03-20 11:45:21 DEBUG    요청 실행: kiwoom_TR_OPT10003 ('005930',) {}
2021-03-20 11:45:21 DEBUG    요청 콜백: kiwoom_OnReceiveTrData ('1234', '체결정보', 'OPT10003', '', '2', 0, '', '', '') {}
2021-03-20 11:45:21 DEBUG    체결정보: , {'종목코드': '005930', '일자': '2021320', '시간': '155951', '현재가': '-81900', '우선매도호가단위': '-82000', '우선매수호가단위': '-81900'}
2021-03-20 11:45:22 DEBUG    초기 요청 준비
2021-03-20 11:45:22 DEBUG    요청 실행: kiwoom_TR_OPT10003 ('005930',) {}
2021-03-20 11:45:22 DEBUG    요청 콜백: kiwoom_OnReceiveTrData ('1234', '체결정보', 'OPT10003', '', '2', 0, '', '', '') {}
2021-03-20 11:45:22 DEBUG    체결정보: , {'종목코드': '005930', '일자': '2021320', '시간': '155951', '현재가': '-81900', '우선매도호가단위': '-82000', '우선매수호가단위': '-81900'}
2021-03-20 11:45:51 DEBUG    로그인 시도
2021-03-20 11:45:51 DEBUG    초기 요청 준비
2021-03-20 11:45:51 DEBUG    요청 실행: kiwoom_CommConnect () {}
2021-03-20 11:45:57 DEBUG    요청 콜백: kiwoom_OnEventConnect (0,) {}
2021-03-20 11:45:57 DEBUG    로그인 성공
2021-03-20 11:45:57 DEBUG    로그인 결과: {'result': 0}
2021-03-20 11:45:57 DEBUG    초기 요청 준비
2021-03-20 11:45:57 DEBUG    요청 실행: kiwoom_TR_OPT10003 ('005930',) {}
2021-03-20 11:45:57 DEBUG    요청 콜백: kiwoom_OnReceiveTrData ('1234', '체결정보', 'OPT10003', '', '2', 0, '', '', '') {}
2021-03-20 11:45:57 DEBUG    체결정보: , {'종목코드': '005930', '일자': '2021320', '시간': '155951', '현재가': '-81900', '우선매도호가단위': '-82000', '우선매수호가단위': '-81900'}
2021-03-20 11:45:58 DEBUG    초기 요청 준비
2021-03-20 11:45:58 DEBUG    요청 실행: kiwoom_TR_OPT10003 ('005930',) {}
2021-03-20 11:45:58 DEBUG    요청 콜백: kiwoom_OnReceiveTrData ('1234', '체결정보', 'OPT10003', '', '2', 0, '', '', '') {}
2021-03-20 11:45:58 DEBUG    체결정보: , {'종목코드': '005930', '일자': '2021320', '시간': '155951', '현재가': '-81900', '우선매도호가단위': '-82000', '우선매수호가단위': '-81900'}
2021-03-20 11:45:59 DEBUG    초기 요청 준비
2021-03-20 11:45:59 DEBUG    요청 실행: kiwoom_TR_OPT10003 ('005930',) {}
2021-03-20 11:45:59 DEBUG    요청 콜백: kiwoom_OnReceiveTrData ('1234', '체결정보', 'OPT10003', '', '2', 0, '', '', '') {}
2021-03-20 11:45:59 DEBUG    체결정보: , {'종목코드': '005930', '일자': '2021320', '시간': '155951', '현재가': '-81900', '우선매도호가단위': '-82000', '우선매수호가단위': '-81900'}
2021-03-20 11:46:00 DEBUG    초기 요청 준비
2021-03-20 11:46:00 DEBUG    요청 실행: kiwoom_TR_OPT10003 ('005930',) {}
2021-03-20 11:46:00 DEBUG    요청 콜백: kiwoom_OnReceiveTrData ('1234', '체결정보', 'OPT10003', '', '2', 0, '', '', '') {}
2021-03-20 11:46:00 DEBUG    체결정보: , {'종목코드': '005930', '일자': '2021320', '시간': '155951', '현재가': '-81900', '우선매도호가단위': '-82000', '우선매수호가단위': '-81900'}
2021-03-20 11:46:01 DEBUG    초기 요청 준비
2021-03-20 11:46:01 DEBUG    요청 실행: kiwoom_TR_OPT10003 ('005930',) {}
2021-03-20 11:46:02 DEBUG    요청 콜백: kiwoom_OnReceiveTrData ('1234', '체결정보', 'OPT10003', '', '2', 0, '', '', '') {}
2021-03-20 11:46:02 DEBUG    체결정보: , {'종목코드': '005930', '일자': '2021320', '시간': '155951', '현재가': '-81900', '우선매도호가단위': '-82000', '우선매수호가단위': '-81900'}
2021-03-20 11:49:22 DEBUG    로그인 시도
2021-03-20 11:49:22 DEBUG    초기 요청 준비
2021-03-20 11:49:22 DEBUG    요청 실행: kiwoom_CommConnect () {}
2021-03-20 11:49:29 DEBUG    요청 콜백: kiwoom_OnEventConnect (0,) {}
2021-03-20 11:49:29 DEBUG    로그인 성공
2021-03-20 11:49:29 DEBUG    로그인 결과: {'result': 0}
2021-03-20 11:49:29 DEBUG    초기 요청 준비
2021-03-20 11:49:29 DEBUG    요청 실행: kiwoom_TR_OPT10003 ('005930',) {}
2021-03-20 11:49:29 DEBUG    요청 콜백: kiwoom_OnReceiveTrData ('1234', '체결정보', 'OPT10003', '', '2', 0, '', '', '') {}
2021-03-20 11:49:29 DEBUG    체결정보: , {'종목코드': '005930', '일자': '2021320', '시간': '155951', '현재가': '-81900', '우선매도호가단위': '-82000', '우선매수호가단위': '-81900'}
2021-03-20 11:49:30 DEBUG    초기 요청 준비
2021-03-20 11:49:30 DEBUG    요청 실행: kiwoom_TR_OPT10003 ('005930',) {}
2021-03-20 11:49:30 DEBUG    요청 콜백: kiwoom_OnReceiveTrData ('1234', '체결정보', 'OPT10003', '', '2', 0, '', '', '') {}
2021-03-20 11:49:30 DEBUG    체결정보: , {'종목코드': '005930', '일자': '2021320', '시간': '155951', '현재가': '-81900', '우선매도호가단위': '-82000', '우선매수호가단위': '-81900'}
2021-03-20 11:49:31 DEBUG    초기 요청 준비
2021-03-20 11:49:31 DEBUG    요청 실행: kiwoom_TR_OPT10003 ('005930',) {}
2021-03-20 11:49:31 DEBUG    요청 콜백: kiwoom_OnReceiveTrData ('1234', '체결정보', 'OPT10003', '', '2', 0, '', '', '') {}
2021-03-20 11:49:31 DEBUG    체결정보: , {'종목코드': '005930', '일자': '2021320', '시간': '155951', '현재가': '-81900', '우선매도호가단위': '-82000', '우선매수호가단위': '-81900'}
2021-03-20 11:49:32 DEBUG    초기 요청 준비
2021-03-20 11:49:32 DEBUG    요청 실행: kiwoom_TR_OPT10003 ('005930',) {}
2021-03-20 11:49:32 DEBUG    요청 콜백: kiwoom_OnReceiveTrData ('1234', '체결정보', 'OPT10003', '', '2', 0, '', '', '') {}
2021-03-20 11:49:32 DEBUG    체결정보: , {'종목코드': '005930', '일자': '2021320', '시간': '155951', '현재가': '-81900', '우선매도호가단위': '-82000', '우선매수호가단위': '-81900'}
2021-03-20 11:49:33 DEBUG    초기 요청 준비
2021-03-20 11:49:33 DEBUG    요청 실행: kiwoom_TR_OPT10003 ('005930',) {}
2021-03-20 11:49:33 DEBUG    요청 콜백: kiwoom_OnReceiveTrData ('1234', '체결정보', 'OPT10003', '', '2', 0, '', '', '') {}
2021-03-20 11:49:33 DEBUG    체결정보: , {'종목코드': '005930', '일자': '2021320', '시간': '155951', '현재가': '-81900', '우선매도호가단위': '-82000', '우선매수호가단위': '-81900'}
2021-03-20 13:50:17 DEBUG    로그인 시도
2021-03-20 13:50:17 DEBUG    초기 요청 준비
2021-03-20 13:50:17 DEBUG    요청 실행: kiwoom_CommConnect () {}
2021-03-20 13:50:23 DEBUG    요청 콜백: kiwoom_OnEventConnect (0,) {}
2021-03-20 13:50:23 DEBUG    로그인 성공
2021-03-20 13:50:23 DEBUG    로그인 결과: {'result': 0}
2021-03-20 13:50:23 DEBUG    초기 요청 준비
2021-03-20 13:50:23 DEBUG    요청 실행: kiwoom_TR_OPT10003 ('005930',) {}
2021-03-20 13:50:24 DEBUG    요청 콜백: kiwoom_OnReceiveTrData ('1234', '체결정보', 'OPT10003', '', '2', 0, '', '', '') {}
2021-03-20 13:50:24 DEBUG    체결정보: , {'종목코드': '005930', '일자': '2021320', '시간': '155951', '현재가': '-81900', '우선매도호가단위': '-82000', '우선매수호가단위': '-81900'}
2021-03-20 13:50:25 DEBUG    초기 요청 준비
2021-03-20 13:50:25 DEBUG    요청 실행: kiwoom_TR_OPT10003 ('005930',) {}
2021-03-20 13:50:25 DEBUG    요청 콜백: kiwoom_OnReceiveTrData ('1234', '체결정보', 'OPT10003', '', '2', 0, '', '', '') {}
2021-03-20 13:50:25 DEBUG    체결정보: , {'종목코드': '005930', '일자': '2021320', '시간': '155951', '현재가': '-81900', '우선매도호가단위': '-82000', '우선매수호가단위': '-81900'}
2021-03-20 13:50:26 DEBUG    초기 요청 준비
2021-03-20 13:50:26 DEBUG    요청 실행: kiwoom_TR_OPT10003 ('005930',) {}
2021-03-20 13:50:26 DEBUG    요청 콜백: kiwoom_OnReceiveTrData ('1234', '체결정보', 'OPT10003', '', '2', 0, '', '', '') {}
2021-03-20 13:50:26 DEBUG    체결정보: , {'종목코드': '005930', '일자': '2021320', '시간': '155951', '현재가': '-81900', '우선매도호가단위': '-82000', '우선매수호가단위': '-81900'}
2021-03-20 13:50:27 DEBUG    초기 요청 준비
2021-03-20 13:50:27 DEBUG    요청 실행: kiwoom_TR_OPT10003 ('005930',) {}
2021-03-20 13:50:27 DEBUG    요청 콜백: kiwoom_OnReceiveTrData ('1234', '체결정보', 'OPT10003', '', '2', 0, '', '', '') {}
2021-03-20 13:50:27 DEBUG    체결정보: , {'종목코드': '005930', '일자': '2021320', '시간': '155951', '현재가': '-81900', '우선매도호가단위': '-82000', '우선매수호가단위': '-81900'}
2021-03-20 13:50:28 DEBUG    초기 요청 준비
2021-03-20 13:50:28 DEBUG    요청 실행: kiwoom_TR_OPT10003 ('005930',) {}
2021-03-20 13:50:28 DEBUG    요청 콜백: kiwoom_OnReceiveTrData ('1234', '체결정보', 'OPT10003', '', '2', 0, '', '', '') {}
2021-03-20 13:50:28 DEBUG    체결정보: , {'종목코드': '005930', '일자': '2021320', '시간': '155951', '현재가': '-81900', '우선매도호가단위': '-82000', '우선매수호가단위': '-81900'}
